> Task :compileJava
> Task :processResources UP-TO-DATE
> Task :classes

> Task :Main.main()
DEBUG StatusLogger Using ShutdownCallbackRegistry class org.apache.logging.log4j.core.util.DefaultShutdownCallbackRegistry
DEBUG StatusLogger Not in a ServletContext environment, thus not loading WebLookup plugin.
DEBUG StatusLogger AsyncLogger.ThreadNameStrategy=UNCACHED (user specified null, default is UNCACHED)
TRACE StatusLogger Using default SystemClock for timestamps.
DEBUG StatusLogger org.apache.logging.log4j.core.util.SystemClock supports precise timestamps.
DEBUG StatusLogger Not in a ServletContext environment, thus not loading WebLookup plugin.
DEBUG StatusLogger Took 0.039844 seconds to load 222 plugins from jdk.internal.loader.ClassLoaders$AppClassLoader@55054057
DEBUG StatusLogger PluginManager 'Converter' found 45 plugins
DEBUG StatusLogger Starting OutputStreamManager SYSTEM_OUT.false.false-1
DEBUG StatusLogger Starting LoggerContext[name=55054057, org.apache.logging.log4j.core.LoggerContext@78a2da20]...
DEBUG StatusLogger Initializing Thread Context Data Service Providers
DEBUG StatusLogger Reconfiguration started for context[name=55054057] at URI null (org.apache.logging.log4j.core.LoggerContext@78a2da20) with optional ClassLoader: null
DEBUG StatusLogger Thread Context Data Service Provider initialization complete
DEBUG StatusLogger Not in a ServletContext environment, thus not loading WebLookup plugin.
DEBUG StatusLogger PluginManager 'ConfigurationFactory' found 4 plugins
DEBUG StatusLogger Not in a ServletContext environment, thus not loading WebLookup plugin.
DEBUG StatusLogger Not in a ServletContext environment, thus not loading WebLookup plugin.
DEBUG StatusLogger Missing dependencies for Yaml support, ConfigurationFactory org.apache.logging.log4j.core.config.yaml.YamlConfigurationFactory is inactive
DEBUG StatusLogger Not in a ServletContext environment, thus not loading WebLookup plugin.
DEBUG StatusLogger Missing dependencies for Json support, ConfigurationFactory org.apache.logging.log4j.core.config.json.JsonConfigurationFactory is inactive
DEBUG StatusLogger Not in a ServletContext environment, thus not loading WebLookup plugin.
DEBUG StatusLogger Using configurationFactory org.apache.logging.log4j.core.config.ConfigurationFactory$Factory@351d0846
TRACE StatusLogger Trying to find [log4j2-test55054057.properties] using context class loader jdk.internal.loader.ClassLoaders$AppClassLoader@55054057.
TRACE StatusLogger Trying to find [log4j2-test55054057.properties] using jdk.internal.loader.ClassLoaders$AppClassLoader@55054057 class loader.
TRACE StatusLogger Trying to find [log4j2-test55054057.properties] using jdk.internal.loader.ClassLoaders$AppClassLoader@55054057 class loader.
TRACE StatusLogger Trying to find [log4j2-test55054057.properties] using ClassLoader.getSystemResource().
TRACE StatusLogger Trying to find [log4j2-test55054057.yml] using context class loader jdk.internal.loader.ClassLoaders$AppClassLoader@55054057.
TRACE StatusLogger Trying to find [log4j2-test55054057.yml] using jdk.internal.loader.ClassLoaders$AppClassLoader@55054057 class loader.
TRACE StatusLogger Trying to find [log4j2-test55054057.yml] using jdk.internal.loader.ClassLoaders$AppClassLoader@55054057 class loader.
TRACE StatusLogger Trying to find [log4j2-test55054057.yml] using ClassLoader.getSystemResource().
TRACE StatusLogger Trying to find [log4j2-test55054057.yaml] using context class loader jdk.internal.loader.ClassLoaders$AppClassLoader@55054057.
TRACE StatusLogger Trying to find [log4j2-test55054057.yaml] using jdk.internal.loader.ClassLoaders$AppClassLoader@55054057 class loader.
TRACE StatusLogger Trying to find [log4j2-test55054057.yaml] using jdk.internal.loader.ClassLoaders$AppClassLoader@55054057 class loader.
TRACE StatusLogger Trying to find [log4j2-test55054057.yaml] using ClassLoader.getSystemResource().
TRACE StatusLogger Trying to find [log4j2-test55054057.json] using context class loader jdk.internal.loader.ClassLoaders$AppClassLoader@55054057.
TRACE StatusLogger Trying to find [log4j2-test55054057.json] using jdk.internal.loader.ClassLoaders$AppClassLoader@55054057 class loader.
TRACE StatusLogger Trying to find [log4j2-test55054057.json] using jdk.internal.loader.ClassLoaders$AppClassLoader@55054057 class loader.
TRACE StatusLogger Trying to find [log4j2-test55054057.json] using ClassLoader.getSystemResource().
TRACE StatusLogger Trying to find [log4j2-test55054057.jsn] using context class loader jdk.internal.loader.ClassLoaders$AppClassLoader@55054057.
TRACE StatusLogger Trying to find [log4j2-test55054057.jsn] using jdk.internal.loader.ClassLoaders$AppClassLoader@55054057 class loader.
TRACE StatusLogger Trying to find [log4j2-test55054057.jsn] using jdk.internal.loader.ClassLoaders$AppClassLoader@55054057 class loader.
TRACE StatusLogger Trying to find [log4j2-test55054057.jsn] using ClassLoader.getSystemResource().
TRACE StatusLogger Trying to find [log4j2-test55054057.xml] using context class loader jdk.internal.loader.ClassLoaders$AppClassLoader@55054057.
TRACE StatusLogger Trying to find [log4j2-test55054057.xml] using jdk.internal.loader.ClassLoaders$AppClassLoader@55054057 class loader.
TRACE StatusLogger Trying to find [log4j2-test55054057.xml] using jdk.internal.loader.ClassLoaders$AppClassLoader@55054057 class loader.
TRACE StatusLogger Trying to find [log4j2-test55054057.xml] using ClassLoader.getSystemResource().
TRACE StatusLogger Trying to find [log4j2-test.properties] using context class loader jdk.internal.loader.ClassLoaders$AppClassLoader@55054057.
TRACE StatusLogger Trying to find [log4j2-test.properties] using jdk.internal.loader.ClassLoaders$AppClassLoader@55054057 class loader.
TRACE StatusLogger Trying to find [log4j2-test.properties] using jdk.internal.loader.ClassLoaders$AppClassLoader@55054057 class loader.
TRACE StatusLogger Trying to find [log4j2-test.properties] using ClassLoader.getSystemResource().
TRACE StatusLogger Trying to find [log4j2-test.yml] using context class loader jdk.internal.loader.ClassLoaders$AppClassLoader@55054057.
TRACE StatusLogger Trying to find [log4j2-test.yml] using jdk.internal.loader.ClassLoaders$AppClassLoader@55054057 class loader.
TRACE StatusLogger Trying to find [log4j2-test.yml] using jdk.internal.loader.ClassLoaders$AppClassLoader@55054057 class loader.
TRACE StatusLogger Trying to find [log4j2-test.yml] using ClassLoader.getSystemResource().
TRACE StatusLogger Trying to find [log4j2-test.yaml] using context class loader jdk.internal.loader.ClassLoaders$AppClassLoader@55054057.
TRACE StatusLogger Trying to find [log4j2-test.yaml] using jdk.internal.loader.ClassLoaders$AppClassLoader@55054057 class loader.
TRACE StatusLogger Trying to find [log4j2-test.yaml] using jdk.internal.loader.ClassLoaders$AppClassLoader@55054057 class loader.
TRACE StatusLogger Trying to find [log4j2-test.yaml] using ClassLoader.getSystemResource().
TRACE StatusLogger Trying to find [log4j2-test.json] using context class loader jdk.internal.loader.ClassLoaders$AppClassLoader@55054057.
TRACE StatusLogger Trying to find [log4j2-test.json] using jdk.internal.loader.ClassLoaders$AppClassLoader@55054057 class loader.
TRACE StatusLogger Trying to find [log4j2-test.json] using jdk.internal.loader.ClassLoaders$AppClassLoader@55054057 class loader.
TRACE StatusLogger Trying to find [log4j2-test.json] using ClassLoader.getSystemResource().
TRACE StatusLogger Trying to find [log4j2-test.jsn] using context class loader jdk.internal.loader.ClassLoaders$AppClassLoader@55054057.
TRACE StatusLogger Trying to find [log4j2-test.jsn] using jdk.internal.loader.ClassLoaders$AppClassLoader@55054057 class loader.
TRACE StatusLogger Trying to find [log4j2-test.jsn] using jdk.internal.loader.ClassLoaders$AppClassLoader@55054057 class loader.
TRACE StatusLogger Trying to find [log4j2-test.jsn] using ClassLoader.getSystemResource().
TRACE StatusLogger Trying to find [log4j2-test.xml] using context class loader jdk.internal.loader.ClassLoaders$AppClassLoader@55054057.
TRACE StatusLogger Trying to find [log4j2-test.xml] using jdk.internal.loader.ClassLoaders$AppClassLoader@55054057 class loader.
TRACE StatusLogger Trying to find [log4j2-test.xml] using jdk.internal.loader.ClassLoaders$AppClassLoader@55054057 class loader.
TRACE StatusLogger Trying to find [log4j2-test.xml] using ClassLoader.getSystemResource().
TRACE StatusLogger Trying to find [log4j255054057.properties] using context class loader jdk.internal.loader.ClassLoaders$AppClassLoader@55054057.
TRACE StatusLogger Trying to find [log4j255054057.properties] using jdk.internal.loader.ClassLoaders$AppClassLoader@55054057 class loader.
TRACE StatusLogger Trying to find [log4j255054057.properties] using jdk.internal.loader.ClassLoaders$AppClassLoader@55054057 class loader.
TRACE StatusLogger Trying to find [log4j255054057.properties] using ClassLoader.getSystemResource().
TRACE StatusLogger Trying to find [log4j255054057.yml] using context class loader jdk.internal.loader.ClassLoaders$AppClassLoader@55054057.
TRACE StatusLogger Trying to find [log4j255054057.yml] using jdk.internal.loader.ClassLoaders$AppClassLoader@55054057 class loader.
TRACE StatusLogger Trying to find [log4j255054057.yml] using jdk.internal.loader.ClassLoaders$AppClassLoader@55054057 class loader.
TRACE StatusLogger Trying to find [log4j255054057.yml] using ClassLoader.getSystemResource().
TRACE StatusLogger Trying to find [log4j255054057.yaml] using context class loader jdk.internal.loader.ClassLoaders$AppClassLoader@55054057.
TRACE StatusLogger Trying to find [log4j255054057.yaml] using jdk.internal.loader.ClassLoaders$AppClassLoader@55054057 class loader.
TRACE StatusLogger Trying to find [log4j255054057.yaml] using jdk.internal.loader.ClassLoaders$AppClassLoader@55054057 class loader.
TRACE StatusLogger Trying to find [log4j255054057.yaml] using ClassLoader.getSystemResource().
TRACE StatusLogger Trying to find [log4j255054057.json] using context class loader jdk.internal.loader.ClassLoaders$AppClassLoader@55054057.
TRACE StatusLogger Trying to find [log4j255054057.json] using jdk.internal.loader.ClassLoaders$AppClassLoader@55054057 class loader.
TRACE StatusLogger Trying to find [log4j255054057.json] using jdk.internal.loader.ClassLoaders$AppClassLoader@55054057 class loader.
TRACE StatusLogger Trying to find [log4j255054057.json] using ClassLoader.getSystemResource().
TRACE StatusLogger Trying to find [log4j255054057.jsn] using context class loader jdk.internal.loader.ClassLoaders$AppClassLoader@55054057.
TRACE StatusLogger Trying to find [log4j255054057.jsn] using jdk.internal.loader.ClassLoaders$AppClassLoader@55054057 class loader.
TRACE StatusLogger Trying to find [log4j255054057.jsn] using jdk.internal.loader.ClassLoaders$AppClassLoader@55054057 class loader.
TRACE StatusLogger Trying to find [log4j255054057.jsn] using ClassLoader.getSystemResource().
TRACE StatusLogger Trying to find [log4j255054057.xml] using context class loader jdk.internal.loader.ClassLoaders$AppClassLoader@55054057.
TRACE StatusLogger Trying to find [log4j255054057.xml] using jdk.internal.loader.ClassLoaders$AppClassLoader@55054057 class loader.
TRACE StatusLogger Trying to find [log4j255054057.xml] using jdk.internal.loader.ClassLoaders$AppClassLoader@55054057 class loader.
TRACE StatusLogger Trying to find [log4j255054057.xml] using ClassLoader.getSystemResource().
TRACE StatusLogger Trying to find [log4j2.properties] using context class loader jdk.internal.loader.ClassLoaders$AppClassLoader@55054057.
TRACE StatusLogger Trying to find [log4j2.properties] using jdk.internal.loader.ClassLoaders$AppClassLoader@55054057 class loader.
TRACE StatusLogger Trying to find [log4j2.properties] using jdk.internal.loader.ClassLoaders$AppClassLoader@55054057 class loader.
TRACE StatusLogger Trying to find [log4j2.properties] using ClassLoader.getSystemResource().
TRACE StatusLogger Trying to find [log4j2.yml] using context class loader jdk.internal.loader.ClassLoaders$AppClassLoader@55054057.
TRACE StatusLogger Trying to find [log4j2.yml] using jdk.internal.loader.ClassLoaders$AppClassLoader@55054057 class loader.
TRACE StatusLogger Trying to find [log4j2.yml] using jdk.internal.loader.ClassLoaders$AppClassLoader@55054057 class loader.
TRACE StatusLogger Trying to find [log4j2.yml] using ClassLoader.getSystemResource().
TRACE StatusLogger Trying to find [log4j2.yaml] using context class loader jdk.internal.loader.ClassLoaders$AppClassLoader@55054057.
TRACE StatusLogger Trying to find [log4j2.yaml] using jdk.internal.loader.ClassLoaders$AppClassLoader@55054057 class loader.
TRACE StatusLogger Trying to find [log4j2.yaml] using jdk.internal.loader.ClassLoaders$AppClassLoader@55054057 class loader.
TRACE StatusLogger Trying to find [log4j2.yaml] using ClassLoader.getSystemResource().
TRACE StatusLogger Trying to find [log4j2.json] using context class loader jdk.internal.loader.ClassLoaders$AppClassLoader@55054057.
TRACE StatusLogger Trying to find [log4j2.json] using jdk.internal.loader.ClassLoaders$AppClassLoader@55054057 class loader.
TRACE StatusLogger Trying to find [log4j2.json] using jdk.internal.loader.ClassLoaders$AppClassLoader@55054057 class loader.
TRACE StatusLogger Trying to find [log4j2.json] using ClassLoader.getSystemResource().
TRACE StatusLogger Trying to find [log4j2.jsn] using context class loader jdk.internal.loader.ClassLoaders$AppClassLoader@55054057.
TRACE StatusLogger Trying to find [log4j2.jsn] using jdk.internal.loader.ClassLoaders$AppClassLoader@55054057 class loader.
TRACE StatusLogger Trying to find [log4j2.jsn] using jdk.internal.loader.ClassLoaders$AppClassLoader@55054057 class loader.
TRACE StatusLogger Trying to find [log4j2.jsn] using ClassLoader.getSystemResource().
TRACE StatusLogger Trying to find [log4j2.xml] using context class loader jdk.internal.loader.ClassLoaders$AppClassLoader@55054057.
DEBUG StatusLogger Not in a ServletContext environment, thus not loading WebLookup plugin.
DEBUG StatusLogger Closing BufferedInputStream java.io.BufferedInputStream@564718df
DEBUG StatusLogger Apache Log4j Core 2.17.1 initializing configuration XmlConfiguration[location=/data/wenzhi/FirmProj/build/resources/main/log4j2.xml]
DEBUG StatusLogger Installed 1 script engine
Warning: Nashorn engine is planned to be removed from a future JDK release
DEBUG StatusLogger Oracle Nashorn version: 11.0.22, language: ECMAScript, threading: Not Thread Safe, compile: true, names: [nashorn, Nashorn, js, JS, JavaScript, javascript, ECMAScript, ecmascript], factory class: jdk.nashorn.api.scripting.NashornScriptEngineFactory
DEBUG StatusLogger PluginManager 'Core' found 127 plugins
DEBUG StatusLogger PluginManager 'Level' found 0 plugins
DEBUG StatusLogger PluginManager 'Lookup' found 16 plugins
DEBUG StatusLogger Building Plugin[name=layout, class=org.apache.logging.log4j.core.layout.PatternLayout].
TRACE StatusLogger TypeConverterRegistry initializing.
DEBUG StatusLogger PluginManager 'TypeConverter' found 26 plugins
DEBUG StatusLogger PatternLayout$Builder(pattern="[%t] %-5level %logger{36} - %msg%n", PatternSelector=null, Configuration(/data/wenzhi/FirmProj/build/resources/main/log4j2.xml), Replace=null, charset="null", alwaysWriteExceptions="null", disableAnsi="null", noConsoleNoAnsi="null", header="null", footer="null")
DEBUG StatusLogger PluginManager 'Converter' found 45 plugins
DEBUG StatusLogger Building Plugin[name=appender, class=org.apache.logging.log4j.core.appender.FileAppender].
DEBUG StatusLogger FileAppender$Builder(fileName="log/info.log", append="null", locking="null", advertise="null", advertiseUri="null", createOnDemand="null", filePermissions="null", fileOwner="null", fileGroup="null", bufferedIo="null", bufferSize="null", immediateFlush="null", ignoreExceptions="null", PatternLayout([%t] %-5level %logger{36} - %msg%n), name="infoLog", Configuration(/data/wenzhi/FirmProj/build/resources/main/log4j2.xml), Filter=null, ={})
DEBUG StatusLogger Starting FileManager log/info.log
DEBUG StatusLogger Building Plugin[name=appenders, class=org.apache.logging.log4j.core.config.AppendersPlugin].
DEBUG StatusLogger createAppenders(={infoLog})
DEBUG StatusLogger Building Plugin[name=AppenderRef, class=org.apache.logging.log4j.core.config.AppenderRef].
DEBUG StatusLogger createAppenderRef(ref="infoLog", level="null", Filter=null)
DEBUG StatusLogger Building Plugin[name=root, class=org.apache.logging.log4j.core.config.LoggerConfig$RootLogger].
DEBUG StatusLogger createLogger(additivity="null", level="ALL", includeLocation="null", ={infoLog}, ={}, Configuration(/data/wenzhi/FirmProj/build/resources/main/log4j2.xml), Filter=null)
DEBUG StatusLogger Building Plugin[name=loggers, class=org.apache.logging.log4j.core.config.LoggersPlugin].
DEBUG StatusLogger createLoggers(={root})
DEBUG StatusLogger Configuration XmlConfiguration[location=/data/wenzhi/FirmProj/build/resources/main/log4j2.xml] initialized
DEBUG StatusLogger Starting configuration XmlConfiguration[location=/data/wenzhi/FirmProj/build/resources/main/log4j2.xml]
DEBUG StatusLogger Started configuration XmlConfiguration[location=/data/wenzhi/FirmProj/build/resources/main/log4j2.xml] OK.
TRACE StatusLogger Stopping org.apache.logging.log4j.core.config.DefaultConfiguration@6a2bcfcb...
TRACE StatusLogger DefaultConfiguration notified 1 ReliabilityStrategies that config will be stopped.
TRACE StatusLogger DefaultConfiguration stopping root LoggerConfig.
TRACE StatusLogger DefaultConfiguration notifying ReliabilityStrategies that appenders will be stopped.
TRACE StatusLogger DefaultConfiguration stopping remaining Appenders.
DEBUG StatusLogger Shutting down OutputStreamManager SYSTEM_OUT.false.false-1
DEBUG StatusLogger OutputStream closed
DEBUG StatusLogger Shut down OutputStreamManager SYSTEM_OUT.false.false-1, all resources released: true
DEBUG StatusLogger Appender DefaultConsole-1 stopped with status true
TRACE StatusLogger DefaultConfiguration stopped 1 remaining Appenders.
TRACE StatusLogger DefaultConfiguration cleaning Appenders from 1 LoggerConfigs.
DEBUG StatusLogger Stopped org.apache.logging.log4j.core.config.DefaultConfiguration@6a2bcfcb OK
TRACE StatusLogger Reregistering MBeans after reconfigure. Selector=org.apache.logging.log4j.core.selector.ClassLoaderContextSelector@30f842ca
TRACE StatusLogger Reregistering context (1/1): '55054057' org.apache.logging.log4j.core.LoggerContext@78a2da20
TRACE StatusLogger Unregistering but no MBeans found matching 'org.apache.logging.log4j2:type=55054057'
TRACE StatusLogger Unregistering but no MBeans found matching 'org.apache.logging.log4j2:type=55054057,component=StatusLogger'
TRACE StatusLogger Unregistering but no MBeans found matching 'org.apache.logging.log4j2:type=55054057,component=ContextSelector'
TRACE StatusLogger Unregistering but no MBeans found matching 'org.apache.logging.log4j2:type=55054057,component=Loggers,name=*'
TRACE StatusLogger Unregistering but no MBeans found matching 'org.apache.logging.log4j2:type=55054057,component=Appenders,name=*'
TRACE StatusLogger Unregistering but no MBeans found matching 'org.apache.logging.log4j2:type=55054057,component=AsyncAppenders,name=*'
TRACE StatusLogger Unregistering but no MBeans found matching 'org.apache.logging.log4j2:type=55054057,component=AsyncLoggerRingBuffer'
TRACE StatusLogger Unregistering but no MBeans found matching 'org.apache.logging.log4j2:type=55054057,component=Loggers,name=*,subtype=RingBuffer'
DEBUG StatusLogger Registering MBean org.apache.logging.log4j2:type=55054057
DEBUG StatusLogger Registering MBean org.apache.logging.log4j2:type=55054057,component=StatusLogger
DEBUG StatusLogger Registering MBean org.apache.logging.log4j2:type=55054057,component=ContextSelector
DEBUG StatusLogger Registering MBean org.apache.logging.log4j2:type=55054057,component=Loggers,name=
DEBUG StatusLogger Registering MBean org.apache.logging.log4j2:type=55054057,component=Appenders,name=infoLog
TRACE StatusLogger Using default SystemClock for timestamps.
DEBUG StatusLogger org.apache.logging.log4j.core.util.SystemClock supports precise timestamps.
TRACE StatusLogger Using DummyNanoClock for nanosecond timestamps.
DEBUG StatusLogger Reconfiguration complete for context[name=55054057] at URI /data/wenzhi/FirmProj/build/resources/main/log4j2.xml (org.apache.logging.log4j.core.LoggerContext@78a2da20) with optional ClassLoader: null
DEBUG StatusLogger Shutdown hook enabled. Registering a new one.
DEBUG StatusLogger LoggerContext[name=55054057, org.apache.logging.log4j.core.LoggerContext@78a2da20] started OK.
[main] ERROR soot.jimple.toolkits.typing.fast.TypePromotionUseVisitor - Failed Typing in <kotlin.collections.ArraysKt__ArraysKt: void contentDeepToStringInternal$ArraysKt__ArraysKt(java.lang.Object[],java.lang.StringBuilder,java.util.List)> at statement $u4#46 = $r0: Is not cast compatible: null_type <-- java.lang.Object
[main] INFO firmproj.graph.CallGraph - [CG time]:36944
[main] INFO firmproj.base.RetrofitPoint - Visibility Param Annotation: num params: 2 kind: 0
Visibility Annotation: level: RUNTIME (runtime-visible)
 Annotations:
Annotation: type: Lretrofit2/http/Path; num elems: 1 elems: 
Annotation Element: kind: s name: value value: deviceId


Visibility Annotation: level: RUNTIME (runtime-visible)
 Annotations:
Annotation type: Lretrofit2/http/Body; without elements


[main] INFO firmproj.base.RetrofitPoint - vtag: Visibility Annotation: level: RUNTIME (runtime-visible)
 Annotations:
Annotation: type: Lretrofit2/http/Path; num elems: 1 elems: 
Annotation Element: kind: s name: value value: deviceId


[main] INFO firmproj.base.RetrofitPoint - vtag: Visibility Annotation: level: RUNTIME (runtime-visible)
 Annotations:
Annotation type: Lretrofit2/http/Body; without elements

[main] INFO firmproj.base.RetrofitPoint - Visibility Param Annotation: num params: 1 kind: 0
Visibility Annotation: level: RUNTIME (runtime-visible)
 Annotations:
Annotation type: Lretrofit2/http/Body; without elements


[main] INFO firmproj.base.RetrofitPoint - vtag: Visibility Annotation: level: RUNTIME (runtime-visible)
 Annotations:
Annotation type: Lretrofit2/http/Body; without elements

[main] INFO firmproj.base.RetrofitPoint - Visibility Param Annotation: num params: 1 kind: 0
Visibility Annotation: level: RUNTIME (runtime-visible)
 Annotations:
Annotation type: Lretrofit2/http/Body; without elements


[main] INFO firmproj.base.RetrofitPoint - vtag: Visibility Annotation: level: RUNTIME (runtime-visible)
 Annotations:
Annotation type: Lretrofit2/http/Body; without elements

[main] INFO firmproj.base.RetrofitPoint - Visibility Param Annotation: num params: 1 kind: 0
Visibility Annotation: level: RUNTIME (runtime-visible)
 Annotations:
Annotation: type: Lretrofit2/http/Path; num elems: 1 elems: 
Annotation Element: kind: s name: value value: deviceId



[main] INFO firmproj.base.RetrofitPoint - vtag: Visibility Annotation: level: RUNTIME (runtime-visible)
 Annotations:
Annotation: type: Lretrofit2/http/Path; num elems: 1 elems: 
Annotation Element: kind: s name: value value: deviceId


[main] INFO firmproj.base.RetrofitPoint - Visibility Param Annotation: num params: 1 kind: 0
Visibility Annotation: level: RUNTIME (runtime-visible)
 Annotations:
Annotation: type: Lretrofit2/http/Path; num elems: 1 elems: 
Annotation Element: kind: s name: value value: deviceId



[main] INFO firmproj.base.RetrofitPoint - vtag: Visibility Annotation: level: RUNTIME (runtime-visible)
 Annotations:
Annotation: type: Lretrofit2/http/Path; num elems: 1 elems: 
Annotation Element: kind: s name: value value: deviceId


[main] INFO firmproj.base.RetrofitPoint - Visibility Param Annotation: num params: 1 kind: 0
Visibility Annotation: level: RUNTIME (runtime-visible)
 Annotations:
Annotation: type: Lretrofit2/http/Path; num elems: 1 elems: 
Annotation Element: kind: s name: value value: fileName



[main] INFO firmproj.base.RetrofitPoint - vtag: Visibility Annotation: level: RUNTIME (runtime-visible)
 Annotations:
Annotation: type: Lretrofit2/http/Path; num elems: 1 elems: 
Annotation Element: kind: s name: value value: fileName


[main] INFO firmproj.base.RetrofitPoint - Visibility Param Annotation: num params: 1 kind: 0
Visibility Annotation: level: RUNTIME (runtime-visible)
 Annotations:
Annotation type: Lretrofit2/http/Body; without elements


[main] INFO firmproj.base.RetrofitPoint - vtag: Visibility Annotation: level: RUNTIME (runtime-visible)
 Annotations:
Annotation type: Lretrofit2/http/Body; without elements

[main] INFO firmproj.base.RetrofitPoint - Visibility Param Annotation: num params: 1 kind: 0
Visibility Annotation: level: RUNTIME (runtime-visible)
 Annotations:
Annotation: type: Lretrofit2/http/Path; num elems: 1 elems: 
Annotation Element: kind: s name: value value: userId



[main] INFO firmproj.base.RetrofitPoint - vtag: Visibility Annotation: level: RUNTIME (runtime-visible)
 Annotations:
Annotation: type: Lretrofit2/http/Path; num elems: 1 elems: 
Annotation Element: kind: s name: value value: userId


[main] INFO firmproj.base.RetrofitPoint - Visibility Param Annotation: num params: 1 kind: 0
Visibility Annotation: level: RUNTIME (runtime-visible)
 Annotations:
Annotation type: Lretrofit2/http/Body; without elements


[main] INFO firmproj.base.RetrofitPoint - vtag: Visibility Annotation: level: RUNTIME (runtime-visible)
 Annotations:
Annotation type: Lretrofit2/http/Body; without elements

[main] INFO firmproj.base.RetrofitPoint - Visibility Param Annotation: num params: 1 kind: 0
Visibility Annotation: level: RUNTIME (runtime-visible)
 Annotations:
Annotation type: Lretrofit2/http/Body; without elements


[main] INFO firmproj.base.RetrofitPoint - vtag: Visibility Annotation: level: RUNTIME (runtime-visible)
 Annotations:
Annotation type: Lretrofit2/http/Body; without elements

[main] INFO firmproj.base.RetrofitPoint - Visibility Param Annotation: num params: 1 kind: 0
Visibility Annotation: level: RUNTIME (runtime-visible)
 Annotations:
Annotation type: Lretrofit2/http/Body; without elements


[main] INFO firmproj.base.RetrofitPoint - vtag: Visibility Annotation: level: RUNTIME (runtime-visible)
 Annotations:
Annotation type: Lretrofit2/http/Body; without elements

[main] INFO firmproj.base.RetrofitPoint - Visibility Param Annotation: num params: 1 kind: 0
Visibility Annotation: level: RUNTIME (runtime-visible)
 Annotations:
Annotation type: Lretrofit2/http/Body; without elements


[main] INFO firmproj.base.RetrofitPoint - vtag: Visibility Annotation: level: RUNTIME (runtime-visible)
 Annotations:
Annotation type: Lretrofit2/http/Body; without elements

[main] INFO firmproj.base.RetrofitPoint - Visibility Param Annotation: num params: 1 kind: 0
Visibility Annotation: level: RUNTIME (runtime-visible)
 Annotations:
Annotation type: Lretrofit2/http/Body; without elements


[main] INFO firmproj.base.RetrofitPoint - vtag: Visibility Annotation: level: RUNTIME (runtime-visible)
 Annotations:
Annotation type: Lretrofit2/http/Body; without elements

[main] INFO firmproj.base.RetrofitPoint - Visibility Param Annotation: num params: 1 kind: 0
Visibility Annotation: level: RUNTIME (runtime-visible)
 Annotations:
Annotation type: Lretrofit2/http/Body; without elements


[main] INFO firmproj.base.RetrofitPoint - vtag: Visibility Annotation: level: RUNTIME (runtime-visible)
 Annotations:
Annotation type: Lretrofit2/http/Body; without elements

[main] INFO firmproj.base.RetrofitPoint - Visibility Param Annotation: num params: 2 kind: 0
Visibility Annotation: level: RUNTIME (runtime-visible)
 Annotations:
Annotation type: Lretrofit2/http/Url; without elements



[main] INFO firmproj.base.RetrofitPoint - vtag: Visibility Annotation: level: RUNTIME (runtime-visible)
 Annotations:
Annotation type: Lretrofit2/http/Url; without elements

[main] INFO firmproj.base.RetrofitPoint - Visibility Param Annotation: num params: 2 kind: 0
Visibility Annotation: level: RUNTIME (runtime-visible)
 Annotations:
Annotation type: Lretrofit2/http/Url; without elements



[main] INFO firmproj.base.RetrofitPoint - vtag: Visibility Annotation: level: RUNTIME (runtime-visible)
 Annotations:
Annotation type: Lretrofit2/http/Url; without elements

DEBUG StatusLogger Stopping LoggerContext[name=55054057, org.apache.logging.log4j.core.LoggerContext@78a2da20]
DEBUG StatusLogger Stopping LoggerContext[name=55054057, org.apache.logging.log4j.core.LoggerContext@78a2da20]...
TRACE StatusLogger Unregistering 1 MBeans: [org.apache.logging.log4j2:type=55054057]
TRACE StatusLogger Unregistering 1 MBeans: [org.apache.logging.log4j2:type=55054057,component=StatusLogger]
TRACE StatusLogger Unregistering 1 MBeans: [org.apache.logging.log4j2:type=55054057,component=ContextSelector]
TRACE StatusLogger Unregistering 1 MBeans: [org.apache.logging.log4j2:type=55054057,component=Loggers,name=]
TRACE StatusLogger Unregistering 1 MBeans: [org.apache.logging.log4j2:type=55054057,component=Appenders,name=infoLog]
TRACE StatusLogger Unregistering but no MBeans found matching 'org.apache.logging.log4j2:type=55054057,component=AsyncAppenders,name=*'
TRACE StatusLogger Unregistering but no MBeans found matching 'org.apache.logging.log4j2:type=55054057,component=AsyncLoggerRingBuffer'
TRACE StatusLogger Unregistering but no MBeans found matching 'org.apache.logging.log4j2:type=55054057,component=Loggers,name=*,subtype=RingBuffer'
TRACE StatusLogger Stopping XmlConfiguration[location=/data/wenzhi/FirmProj/build/resources/main/log4j2.xml]...
TRACE StatusLogger XmlConfiguration notified 2 ReliabilityStrategies that config will be stopped.
TRACE StatusLogger XmlConfiguration stopping 1 LoggerConfigs.
TRACE StatusLogger XmlConfiguration stopping root LoggerConfig.
TRACE StatusLogger XmlConfiguration notifying ReliabilityStrategies that appenders will be stopped.
TRACE StatusLogger XmlConfiguration stopping remaining Appenders.
DEBUG StatusLogger Shutting down FileManager log/info.log
DEBUG StatusLogger OutputStream closed
DEBUG StatusLogger Shut down FileManager log/info.log, all resources released: true
DEBUG StatusLogger Appender infoLog stopped with status true
TRACE StatusLogger XmlConfiguration stopped 1 remaining Appenders.
TRACE StatusLogger XmlConfiguration cleaning Appenders from 2 LoggerConfigs.
DEBUG StatusLogger Stopped XmlConfiguration[location=/data/wenzhi/FirmProj/build/resources/main/log4j2.xml] OK
DEBUG StatusLogger Stopped LoggerContext[name=55054057, org.apache.logging.log4j.core.LoggerContext@78a2da20] with status true

BUILD SUCCESSFUL in 55s
3 actionable tasks: 2 executed, 1 up-to-date
